<?xml version="1.0" encoding="UTF-8"?>
<!-- Generated by org.testng.reporters.JUnitReportReporter -->
<testsuite skipped="0" hostname="DESKTOP-545D5VP" name="Selenium.DockerSeleniumGridDemo.FaceBookLogoTest" tests="1" failures="0" timestamp="2021-11-12T13:19:41 IST" time="12.859" errors="0">
  <testcase name="validateFaceBookLogo" time="12.859" classname="Selenium.DockerSeleniumGridDemo.FaceBookLogoTest"/>
  <system-out/>
</testsuite> <!-- Selenium.DockerSeleniumGridDemo.FaceBookLogoTest -->
