<?xml version="1.0" encoding="UTF-8"?>
<!-- Generated by org.testng.reporters.JUnitReportReporter -->
<testsuite skipped="0" hostname="DESKTOP-545D5VP" name="Selenium.DockerSeleniumGridDemo.OrangeHRMTest" tests="1" failures="0" timestamp="2021-11-12T13:19:41 IST" time="14.768" errors="0">
  <testcase name="validateHRMPageTitle" time="14.768" classname="Selenium.DockerSeleniumGridDemo.OrangeHRMTest"/>
  <system-out/>
</testsuite> <!-- Selenium.DockerSeleniumGridDemo.OrangeHRMTest -->
