<?xml version="1.0" encoding="UTF-8"?>
<!-- Generated by org.testng.reporters.JUnitReportReporter -->
<testsuite skipped="0" hostname="DESKTOP-545D5VP" name="Extent.ExtentReportDemo.OrangeHRMTest" tests="1" failures="0" timestamp="2021-11-12T12:54:01 IST" time="13.733" errors="0">
  <testcase name="validateHRMPageTitle" time="13.733" classname="Extent.ExtentReportDemo.OrangeHRMTest"/>
  <system-out/>
</testsuite> <!-- Extent.ExtentReportDemo.OrangeHRMTest -->
